 *** 2020-08-05 14:46:45.025260 *** 

 ********* CLEAN INPUT FILE *********
dataMode = 0
inFile = UK_gridwatch_year2018_Jan.csv
multiplier = 0.01
components = SMR,wind,PEM,storage
num_chars = 00,01,10,20
unit_power = 50.0, 2.0, 1.0, 0.0
n_units = 6, 66, 210, 1
lifetimes =  60, 30, 20, 60
con_time = 2, 1, 1, 1
sys_lifetime = 60
time_interval = 60.0
auto_con = 1
len_time = 289
dollar_year = 2018
r_discount = 0.05
r_inflation = 0.03
price_e_base = 130
price_ePEM_base = 0.0
price_h2_base = 14.0
v_max = 28.0
v_mean = 11.0
n_range = 40
d_wing = 90
J_turbine = 1.3E7
h_hub = 50
cut_in = 4.0
cut_out = 25.0
loc_type = 1
w_cost_kW = 1590
w_om_cost_MWh = 14.4
w_dcms_cost_MWh = 4.0
LF_lim = 0.05
FOAK = 1
eta_direct = 0.51
eta_indirect = 0.51
nu_om_cost_MWh = 25.8
nu_fuel_cost_MWh = 8.26
nu_dcms_cost_MWh = 0.16
x_learn = 0.15
y_learn = 0.74
z_learn = 0.82
k_learn = 0.02
r_learning = 0.04
theta_m = 0.13
A_m = 32
T_op = 90
P_h2 = 1e5
P_o2 = 1e5
P_h2o = 2e5
alpha_an = 0.5
alpha_cat = 0.5
i0_an = 1e-7
i0_cat = 1e-3
iter_max = 5000
Pmin_unit = 0.05
m_store = 0
capex_kW = 1200
cap_op_ratio = 0.02
 ********* CLEAN INPUT FILE *********

 ********* WARNING WHILE READ INPUT *********
